# JRE version: OpenJDK Runtime Environment Corretto-17.0.6.10.1 (17.0.6+10) (build 17.0.6+10-LTS)
# Java VM: OpenJDK 64-Bit Server VM Corretto-17.0.6.10.1 (17.0.6+10-LTS, mixed mode, sharing, tiered, compressed oops, compressed class ptrs, g1 gc, windows-amd64)
GC Precious Log:
 CPUs: 4 total, 4 available
 Memory: 8069M
 Large Page Support: Disabled
 NUMA Support: Disabled
 Compressed Oops: Enabled (32-bit)
 Heap Region Size: 1M
 Heap Min Capacity: 8M
 Heap Initial Capacity: 128M
 Heap Max Capacity: 2018M
 Pre-touch: Disabled
 Parallel Workers: 4
 Concurrent Workers: 1
 Concurrent Refinement Workers: 4
 Periodic GC: Disabled
Heap:
 garbage-first heap   total 133120K, used 39772K [0x0000000081e00000, 0x0000000100000000)
  region size 1024K, 3 young (3072K), 3 survivors (3072K)
 Metaspace       used 26071K, committed 26432K, reserved 1073152K
  class space    used 2887K, committed 3072K, reserved 1048576K
GC Heap History (17 events):
Event: 1.004 GC heap before
{Heap before GC invocations=0 (full 0):
 garbage-first heap   total 131072K, used 12288K [0x0000000081e00000, 0x0000000100000000)
  region size 1024K, 13 young (13312K), 0 survivors (0K)
 Metaspace       used 4001K, committed 4096K, reserved 1056768K
  class space    used 400K, committed 448K, reserved 1048576K
}
Event: 1.018 GC heap after
{Heap after GC invocations=1 (full 0):
 garbage-first heap   total 131072K, used 3369K [0x0000000081e00000, 0x0000000100000000)
  region size 1024K, 2 young (2048K), 2 survivors (2048K)
 Metaspace       used 4001K, committed 4096K, reserved 1056768K
  class space    used 400K, committed 448K, reserved 1048576K
}
Event: 1.475 GC heap before
{Heap before GC invocations=1 (full 0):
 garbage-first heap   total 131072K, used 15657K [0x0000000081e00000, 0x0000000100000000)
  region size 1024K, 14 young (14336K), 2 survivors (2048K)
 Metaspace       used 5946K, committed 6144K, reserved 1056768K
  class space    used 675K, committed 768K, reserved 1048576K
}
Event: 1.481 GC heap after
{Heap after GC invocations=2 (full 0):
 garbage-first heap   total 131072K, used 4352K [0x0000000081e00000, 0x0000000100000000)
  region size 1024K, 1 young (1024K), 1 survivors (1024K)
 Metaspace       used 5946K, committed 6144K, reserved 1056768K
  class space    used 675K, committed 768K, reserved 1048576K
}
Event: 2.708 GC heap before
{Heap before GC invocations=2 (full 0):
 garbage-first heap   total 131072K, used 34048K [0x0000000081e00000, 0x0000000100000000)
  region size 1024K, 30 young (30720K), 1 survivors (1024K)
 Metaspace       used 10596K, committed 10752K, reserved 1064960K
  class space    used 1276K, committed 1344K, reserved 1048576K
}
Event: 2.715 GC heap after
{Heap after GC invocations=3 (full 0):
 garbage-first heap   total 131072K, used 6109K [0x0000000081e00000, 0x0000000100000000)
  region size 1024K, 3 young (3072K), 3 survivors (3072K)
 Metaspace       used 10596K, committed 10752K, reserved 1064960K
  class space    used 1276K, committed 1344K, reserved 1048576K
}
Event: 9.064 GC heap before
{Heap before GC invocations=3 (full 0):
 garbage-first heap   total 131072K, used 80861K [0x0000000081e00000, 0x0000000100000000)
  region size 1024K, 76 young (77824K), 3 survivors (3072K)
 Metaspace       used 13827K, committed 13952K, reserved 1064960K
  class space    used 1537K, committed 1600K, reserved 1048576K
}
Event: 9.081 GC heap after
{Heap after GC invocations=4 (full 0):
 garbage-first heap   total 131072K, used 13130K [0x0000000081e00000, 0x0000000100000000)
  region size 1024K, 10 young (10240K), 10 survivors (10240K)
 Metaspace       used 13827K, committed 13952K, reserved 1064960K
  class space    used 1537K, committed 1600K, reserved 1048576K
}
Event: 14.467 GC heap before
{Heap before GC invocations=4 (full 0):
 garbage-first heap   total 131072K, used 110410K [0x0000000081e00000, 0x0000000100000000)
  region size 1024K, 74 young (75776K), 10 survivors (10240K)
 Metaspace       used 17643K, committed 17856K, reserved 1064960K
  class space    used 1937K, committed 2048K, reserved 1048576K
}
Event: 14.492 GC heap after
{Heap after GC invocations=5 (full 0):
 garbage-first heap   total 131072K, used 17782K [0x0000000081e00000, 0x0000000100000000)
  region size 1024K, 6 young (6144K), 6 survivors (6144K)
 Metaspace       used 17643K, committed 17856K, reserved 1064960K
  class space    used 1937K, committed 2048K, reserved 1048576K
}
Event: 15.242 GC heap before
{Heap before GC invocations=5 (full 0):
 garbage-first heap   total 131072K, used 31094K [0x0000000081e00000, 0x0000000100000000)
  region size 1024K, 16 young (16384K), 6 survivors (6144K)
 Metaspace       used 21269K, committed 21504K, reserved 1073152K
  class space    used 2391K, committed 2560K, reserved 1048576K
}
Event: 15.252 GC heap after
{Heap after GC invocations=6 (full 0):
 garbage-first heap   total 131072K, used 24710K [0x0000000081e00000, 0x0000000100000000)
  region size 1024K, 9 young (9216K), 9 survivors (9216K)
 Metaspace       used 21269K, committed 21504K, reserved 1073152K
  class space    used 2391K, committed 2560K, reserved 1048576K
}
Event: 17.342 GC heap before
{Heap before GC invocations=7 (full 0):
 garbage-first heap   total 89088K, used 69766K [0x0000000081e00000, 0x0000000100000000)
  region size 1024K, 52 young (53248K), 9 survivors (9216K)
 Metaspace       used 24139K, committed 24448K, reserved 1073152K
  class space    used 2691K, committed 2816K, reserved 1048576K
}
Event: 17.376 GC heap after
{Heap after GC invocations=8 (full 0):
 garbage-first heap   total 91136K, used 35489K [0x0000000081e00000, 0x0000000100000000)
  region size 1024K, 7 young (7168K), 7 survivors (7168K)
 Metaspace       used 24139K, committed 24448K, reserved 1073152K
  class space    used 2691K, committed 2816K, reserved 1048576K
}
Event: 17.382 GC heap before
{Heap before GC invocations=8 (full 0):
 garbage-first heap   total 91136K, used 36513K [0x0000000081e00000, 0x0000000100000000)
  region size 1024K, 8 young (8192K), 7 survivors (7168K)
 Metaspace       used 24139K, committed 24448K, reserved 1073152K
  class space    used 2691K, committed 2816K, reserved 1048576K
}
Event: 17.401 GC heap after
{Heap after GC invocations=9 (full 0):
 garbage-first heap   total 91136K, used 36742K [0x0000000081e00000, 0x0000000100000000)
  region size 1024K, 1 young (1024K), 1 survivors (1024K)
 Metaspace       used 24139K, committed 24448K, reserved 1073152K
  class space    used 2691K, committed 2816K, reserved 1048576K
}
Event: 18.963 GC heap before
{Heap before GC invocations=9 (full 0):
 garbage-first heap   total 91136K, used 67462K [0x0000000081e00000, 0x0000000100000000)
  region size 1024K, 31 young (31744K), 1 survivors (1024K)
 Metaspace       used 26071K, committed 26432K, reserved 1073152K
  class space    used 2887K, committed 3072K, reserved 1048576K
}

